<?xml version="1.0" encoding="UTF-8"?>
<!-- Generated by org.testng.reporters.JUnitXMLReporter -->
<testsuite ignored="0" hostname="DESKTOP-55PNNHV" failures="0" tests="2" name="Project_1_testcase_classes" time="56.07" errors="0" timestamp="2024-07-22T23:06:34 IST">
  <testcase classname="project_1_testcase_classes.Testcase1_New_User_reg_page" name="Createaccount on project_1_testcase_classes.Testcase1_New_User_reg_page@48f278eb" time="7.359"/>
  <testcase classname="project_1_testcase_classes.Testcase_3_invlalid_login_page" name="Invalidcred on project_1_testcase_classes.Testcase_3_invlalid_login_page@6392827e" time="44.933"/>
</testsuite> <!-- Project_1_testcase_classes -->
